<?xml version="1.0" encoding="UTF-8"?>
<!-- Generated by org.testng.reporters.JUnitReportReporter -->
<testsuite hostname="DESKTOP-OGOAB5Q" failures="0" tests="5" name="BuyInTiendamia" time="69.848" errors="0" timestamp="2022-06-01T19:28:00 CST" skipped="0">
  <testcase classname="BuyInTiendamia" name="BuyingProductTest" time="4.570"/>
  <system-out/>
  <testcase classname="BuyInTiendamia" name="SelectCountryTest" time="3.649"/>
  <system-out/>
  <testcase classname="BuyInTiendamia" name="SearchProductTest" time="8.196"/>
  <system-out/>
  <testcase classname="BuyInTiendamia" name="SelectResultTest" time="6.038"/>
  <system-out/>
  <testcase classname="BuyInTiendamia" name="AddingProductToCartTest" time="47.395"/>
  <system-out/>
</testsuite> <!-- BuyInTiendamia -->
